\BOOKMARK [0][-]{dummy.1}{\376\377\000\326\000z\000e\000t}{}% 1
\BOOKMARK [0][-]{dummy.2}{\376\377\000T\000e\001\137\000e\000k\000k\000\374\000r}{}% 2
\BOOKMARK [0][-]{dummy.4}{\376\377\001\136\000e\000k\000i\000l\000\040\000L\000i\000s\000t\000e\000s\000i}{}% 3
\BOOKMARK [0][-]{dummy.6}{\376\377\000T\000a\000b\000l\000o\000\040\000L\000i\000s\000t\000e\000s\000i}{}% 4
\BOOKMARK [0][-]{dummy.8}{\376\377\000K\001\061\000s\000a\000l\000t\000m\000a\000l\000a\000r}{}% 5
\BOOKMARK [0][-]{dummy.11}{\376\377\000F\000i\000z\000i\000k\000s\000e\000l\000\040\000S\000a\000b\000i\000t\000l\000e\000r}{}% 6
\BOOKMARK [0][-]{dummy.14}{\376\377\000S\000e\000m\000b\000o\000l\000l\000e\000r}{}% 7
\BOOKMARK [0][-]{chapter.17}{\376\377\0001\000\040\000G\000i\000r\000i\001\137}{}% 8
\BOOKMARK [1][-]{section.18}{\376\377\0001\000.\0001\000\040\000A\000\040\000S\000e\000c\000t\000i\000o\000n}{chapter.17}% 9
\BOOKMARK [2][-]{subsection.19}{\376\377\0001\000.\0001\000.\0001\000\040\000A\000\040\000S\000u\000b\000s\000e\000c\000t\000i\000o\000n}{section.18}% 10
\BOOKMARK [1][-]{section.20}{\376\377\0001\000.\0002\000\040\000A\000n\000o\000t\000h\000e\000r\000\040\000S\000e\000c\000t\000i\000o\000n}{chapter.17}% 11
\BOOKMARK [0][-]{chapter.21}{\376\377\0002\000\040\000Q\000u\000a\000n\000t\000u\000m\000\040\000R\000e\000n\000k\000\040\000D\000i\000n\000a\000m\000i\001\037\000i\000n\000i\000n\000\040\000T\000e\000o\000r\000i\000k\000\040\000Y\000a\000p\001\061\000s\001\061}{}% 12
\BOOKMARK [1][-]{section.22}{\376\377\0002\000.\0001\000\040\000Q\000u\000a\000r\000k\000l\000a\000r}{chapter.21}% 13
\BOOKMARK [2][-]{subsection.23}{\376\377\0002\000.\0001\000.\0001\000\040\000Q\000u\000a\000r\000k\000\040\000H\000a\000p\000s\000i}{section.22}% 14
\BOOKMARK [3][-]{subsubsection.24}{\376\377\0002\000.\0001\000.\0001\000.\0001\000\040\000Q\000C\000D\000'\000d\000e\000k\000i\000\040\000A\000s\000i\000m\000p\000t\000o\000t\000i\000k\000\040\000\326\000z\000g\000\374\000r\000l\000\374\000k\000t\000e\000n\000\040\000K\000a\000y\000n\000a\000k\000l\000a\000n\000a\000n\000\040\000Z\000o\000r\000l\000u\000k\000l\000a\000r}{subsection.23}% 15
\BOOKMARK [2][-]{subsection.25}{\376\377\0002\000.\0001\000.\0002\000\040\000Q\000C\000D\000\040\000L\000a\000g\000r\000a\000n\000j\000y\000e\000n\000i}{section.22}% 16
\BOOKMARK [0][-]{chapter.26}{\376\377\0003\000\040\000C\000M\000S\000\040\000b\000i\000l\000g\000i\000s\000i}{}% 17
\BOOKMARK [1][-]{section.27}{\376\377\0003\000.\0001\000\040\000L\000H\000C\000\040\000\050\000L\000a\000r\000g\000e\000\040\000H\000a\000d\000r\000o\000n\000\040\000C\000o\000l\000l\000i\000d\000e\000r\000\051}{chapter.26}% 18
\BOOKMARK [2][-]{subsection.28}{\376\377\0003\000.\0001\000.\0001\000\040\000C\000M\000S\000\040\000D\000e\000d\000e\000k\000t\000\366\000r\000\374}{section.27}% 19
\BOOKMARK [2][-]{subsection.29}{\376\377\0003\000.\0001\000.\0002\000\040\000K\000i\000n\000e\000m\000a\000t\000i\000k\000\040\000D\000e\001\037\000i\001\137\000k\000e\000n\000l\000e\000r}{section.27}% 20
\BOOKMARK [0][-]{chapter.30}{\376\377\0004\000\040\000M\000o\000n\000t\000e\000\040\000C\000a\000r\000l\000o\000\040\000S\000i\000m\000\374\000l\000a\000s\000y\000o\000n\000u\000\040\000v\000e\000\040\000D\000a\000t\000a\000\040\000\334\000r\000e\000t\000i\000m\000i}{}% 21
\BOOKMARK [1][-]{section.31}{\376\377\0004\000.\0001\000\040\000M\000G\0005\000\040\000v\000e\000\040\000P\000y\000t\000h\000i\000a\000\040\000P\000r\000o\000g\000r\000a\000m\001\061\000n\000d\000a\000\040\000O\000l\000a\000y\000\040\000\334\000r\000e\000t\000i\000m\000i}{chapter.30}% 22
\BOOKMARK [2][-]{subsection.32}{\376\377\0004\000.\0001\000.\0001\000\040\000P\000y\000t\000h\000i\000a\0008\000'\000d\000e\000\040\000H\000a\000d\000r\000o\000n\000i\000z\000a\000s\000y\000o\000n\000\040\000v\000e\000\040\000P\000a\000r\000t\000o\000n\000\040\000D\000u\001\137\000u}{section.31}% 23
\BOOKMARK [2][-]{subsection.33}{\376\377\0004\000.\0001\000.\0002\000\040\000J\000e\000t\000'\000l\000e\000r\000i\000n\000\040\000Y\000e\000n\000i\000d\000e\000n\000\040\000Y\000a\000p\001\061\000l\000a\000n\000d\001\061\000r\001\061\000l\000m\000a\000s\001\061}{section.31}% 24
\BOOKMARK [2][-]{subsection.34}{\376\377\0004\000.\0001\000.\0003\000\040\000J\000e\000t\000\040\000A\000l\000g\000o\000r\000i\000t\000m\000a\000l\000a\000r\001\061}{section.31}% 25
\BOOKMARK [0][-]{chapter.35}{\376\377\0005\000\040\000D\000a\000t\000a\000n\001\061\000n\000\040\000D\000o\001\037\000r\000u\000l\000a\000n\000m\000a\000s\001\061}{}% 26
\BOOKMARK [0][-]{chapter.36}{\376\377\0006\000\040\000S\000o\000n\000u\000\347\000l\000a\000r}{}% 27
\BOOKMARK [0][-]{appendix.37}{\376\377\000A\000\040\000v\000a\000r\000s\000a\000\040\000e\000k\000\040\000y\000a\000z\001\061\000l\001\061\000c\000a\000k}{}% 28
